# JRE version: OpenJDK Runtime Environment Temurin-21.0.7+6 (21.0.7+6) (build 21.0.7+6-LTS)
# Java VM: OpenJDK 64-Bit Server VM Temurin-21.0.7+6 (21.0.7+6-LTS, mixed mode, sharing, tiered, compressed oops, compressed class ptrs, g1 gc, windows-amd64)
GC Precious Log:
 CardTable entry size: 512
 Card Set container configuration: InlinePtr #cards 4 size 8 Array Of Cards #cards 16 size 48 Howl #buckets 8 coarsen threshold 3686 Howl Bitmap #cards 512 size 80 coarsen threshold 460 Card regions per heap region 1 cards per card region 4096
 CPUs: 16 total, 16 available
 Memory: 16114M
 Large Page Support: Disabled
 NUMA Support: Disabled
 Compressed Oops: Enabled (Zero based)
 Heap Region Size: 2M
 Heap Min Capacity: 8M
 Heap Initial Capacity: 252M
 Heap Max Capacity: 4030M
 Pre-touch: Disabled
 Parallel Workers: 13
 Concurrent Workers: 3
 Concurrent Refinement Workers: 13
 Periodic GC: Disabled
Heap:
 garbage-first heap   total 81920K, used 50160K [0x0000000704200000, 0x0000000800000000)
  region size 2048K, 15 young (30720K), 3 survivors (6144K)
 Metaspace       used 56245K, committed 57152K, reserved 1114112K
  class space    used 6839K, committed 7296K, reserved 1048576K
GC Heap History (20 events):
Event: 201.168 GC heap before
{Heap before GC invocations=16 (full 2):
 garbage-first heap   total 81920K, used 62674K [0x0000000704200000, 0x0000000800000000)
  region size 2048K, 22 young (45056K), 3 survivors (6144K)
 Metaspace       used 53120K, committed 53888K, reserved 1114112K
  class space    used 6568K, committed 6912K, reserved 1048576K
}
Event: 201.172 GC heap after
{Heap after GC invocations=17 (full 2):
 garbage-first heap   total 81920K, used 28729K [0x0000000704200000, 0x0000000800000000)
  region size 2048K, 2 young (4096K), 2 survivors (4096K)
 Metaspace       used 53120K, committed 53888K, reserved 1114112K
  class space    used 6568K, committed 6912K, reserved 1048576K
}
Event: 201.398 GC heap before
{Heap before GC invocations=17 (full 2):
 garbage-first heap   total 81920K, used 65593K [0x0000000704200000, 0x0000000800000000)
  region size 2048K, 21 young (43008K), 2 survivors (4096K)
 Metaspace       used 53542K, committed 54336K, reserved 1114112K
  class space    used 6607K, committed 6976K, reserved 1048576K
}
Event: 201.400 GC heap after
{Heap after GC invocations=18 (full 2):
 garbage-first heap   total 81920K, used 32240K [0x0000000704200000, 0x0000000800000000)
  region size 2048K, 3 young (6144K), 3 survivors (6144K)
 Metaspace       used 53542K, committed 54336K, reserved 1114112K
  class space    used 6607K, committed 6976K, reserved 1048576K
}
Event: 205.070 GC heap before
{Heap before GC invocations=18 (full 2):
 garbage-first heap   total 81920K, used 67056K [0x0000000704200000, 0x0000000800000000)
  region size 2048K, 20 young (40960K), 3 survivors (6144K)
 Metaspace       used 53800K, committed 54592K, reserved 1114112K
  class space    used 6637K, committed 7040K, reserved 1048576K
}
Event: 205.073 GC heap after
{Heap after GC invocations=19 (full 2):
 garbage-first heap   total 81920K, used 35520K [0x0000000704200000, 0x0000000800000000)
  region size 2048K, 2 young (4096K), 2 survivors (4096K)
 Metaspace       used 53800K, committed 54592K, reserved 1114112K
  class space    used 6637K, committed 7040K, reserved 1048576K
}
Event: 220.246 GC heap before
{Heap before GC invocations=19 (full 2):
 garbage-first heap   total 81920K, used 68288K [0x0000000704200000, 0x0000000800000000)
  region size 2048K, 18 young (36864K), 2 survivors (4096K)
 Metaspace       used 54237K, committed 55040K, reserved 1114112K
  class space    used 6662K, committed 7040K, reserved 1048576K
}
Event: 220.248 GC heap after
{Heap after GC invocations=20 (full 2):
 garbage-first heap   total 81920K, used 36388K [0x0000000704200000, 0x0000000800000000)
  region size 2048K, 2 young (4096K), 2 survivors (4096K)
 Metaspace       used 54237K, committed 55040K, reserved 1114112K
  class space    used 6662K, committed 7040K, reserved 1048576K
}
Event: 242.711 GC heap before
{Heap before GC invocations=20 (full 2):
 garbage-first heap   total 81920K, used 48676K [0x0000000704200000, 0x0000000800000000)
  region size 2048K, 9 young (18432K), 2 survivors (4096K)
 Metaspace       used 54242K, committed 55040K, reserved 1114112K
  class space    used 6662K, committed 7040K, reserved 1048576K
}
Event: 242.737 GC heap after
{Heap after GC invocations=21 (full 3):
 garbage-first heap   total 81920K, used 22630K [0x0000000704200000, 0x0000000800000000)
  region size 2048K, 0 young (0K), 0 survivors (0K)
 Metaspace       used 54162K, committed 55040K, reserved 1114112K
  class space    used 6649K, committed 7040K, reserved 1048576K
}
Event: 242.975 GC heap before
{Heap before GC invocations=21 (full 3):
 garbage-first heap   total 81920K, used 65638K [0x0000000704200000, 0x0000000800000000)
  region size 2048K, 21 young (43008K), 0 survivors (0K)
 Metaspace       used 54655K, committed 55488K, reserved 1114112K
  class space    used 6699K, committed 7104K, reserved 1048576K
}
Event: 242.977 GC heap after
{Heap after GC invocations=22 (full 3):
 garbage-first heap   total 81920K, used 27215K [0x0000000704200000, 0x0000000800000000)
  region size 2048K, 3 young (6144K), 3 survivors (6144K)
 Metaspace       used 54655K, committed 55488K, reserved 1114112K
  class space    used 6699K, committed 7104K, reserved 1048576K
}
Event: 248.629 GC heap before
{Heap before GC invocations=22 (full 3):
 garbage-first heap   total 81920K, used 43599K [0x0000000704200000, 0x0000000800000000)
  region size 2048K, 12 young (24576K), 3 survivors (6144K)
 Metaspace       used 54764K, committed 55616K, reserved 1114112K
  class space    used 6702K, committed 7104K, reserved 1048576K
}
Event: 248.654 GC heap after
{Heap after GC invocations=23 (full 4):
 garbage-first heap   total 81920K, used 22877K [0x0000000704200000, 0x0000000800000000)
  region size 2048K, 0 young (0K), 0 survivors (0K)
 Metaspace       used 54741K, committed 55616K, reserved 1114112K
  class space    used 6699K, committed 7104K, reserved 1048576K
}
Event: 248.903 GC heap before
{Heap before GC invocations=23 (full 4):
 garbage-first heap   total 81920K, used 65885K [0x0000000704200000, 0x0000000800000000)
  region size 2048K, 21 young (43008K), 0 survivors (0K)
 Metaspace       used 55198K, committed 56064K, reserved 1114112K
  class space    used 6748K, committed 7168K, reserved 1048576K
}
Event: 248.905 GC heap after
{Heap after GC invocations=24 (full 4):
 garbage-first heap   total 81920K, used 27408K [0x0000000704200000, 0x0000000800000000)
  region size 2048K, 3 young (6144K), 3 survivors (6144K)
 Metaspace       used 55198K, committed 56064K, reserved 1114112K
  class space    used 6748K, committed 7168K, reserved 1048576K
}
Event: 252.487 GC heap before
{Heap before GC invocations=24 (full 4):
 garbage-first heap   total 81920K, used 43792K [0x0000000704200000, 0x0000000800000000)
  region size 2048K, 12 young (24576K), 3 survivors (6144K)
 Metaspace       used 55277K, committed 56064K, reserved 1114112K
  class space    used 6750K, committed 7168K, reserved 1048576K
}
Event: 252.512 GC heap after
{Heap after GC invocations=25 (full 5):
 garbage-first heap   total 81920K, used 23067K [0x0000000704200000, 0x0000000800000000)
  region size 2048K, 0 young (0K), 0 survivors (0K)
 Metaspace       used 55254K, committed 56064K, reserved 1114112K
  class space    used 6746K, committed 7168K, reserved 1048576K
}
Event: 252.737 GC heap before
{Heap before GC invocations=25 (full 5):
 garbage-first heap   total 81920K, used 66075K [0x0000000704200000, 0x0000000800000000)
  region size 2048K, 21 young (43008K), 0 survivors (0K)
 Metaspace       used 55760K, committed 56640K, reserved 1114112K
  class space    used 6795K, committed 7232K, reserved 1048576K
}
Event: 252.739 GC heap after
{Heap after GC invocations=26 (full 5):
 garbage-first heap   total 81920K, used 27632K [0x0000000704200000, 0x0000000800000000)
  region size 2048K, 3 young (6144K), 3 survivors (6144K)
 Metaspace       used 55760K, committed 56640K, reserved 1114112K
  class space    used 6795K, committed 7232K, reserved 1048576K
}

